
original weight matrix:
	 A	 C	 G	 T
---------------------------------------
 1 G	0.2499 	0.2498 	0.2524 	0.2479 
 2 A	0.4361 	0.1652 	0.3424 	0.0563 
 3 C	0.1162 	0.4630 	0.3180 	0.1029 
 4 C	0.0219 	0.5805 	0.0061 	0.3915 
 5 A	0.8442 	0.0987 	0.0052 	0.0519 
 6 A	0.8971 	0.0522 	0.0341 	0.0166 
 7 T	0.0124 	0.0081 	0.0114 	0.9681 
 8 T	0.0632 	0.0106 	0.0108 	0.9154 
 9 A	0.9498 	0.0085 	0.0302 	0.0114 
10 G	0.2509 	0.2486 	0.2515 	0.2489 

base frequency at each position:
	 dsum	 A	 C	 G	 T
-----------------------------------------------
 1 G	1.0000 	0.2499 	0.2498 	0.2524 	0.2479 
 2 A	1.0000 	0.4361 	0.1652 	0.3424 	0.0563 
 3 C	1.0000 	0.1162 	0.4630 	0.3180 	0.1029 
 4 C	1.0000 	0.0219 	0.5805 	0.0061 	0.3915 
 5 A	1.0000 	0.8442 	0.0987 	0.0052 	0.0519 
 6 A	1.0000 	0.8971 	0.0522 	0.0341 	0.0166 
 7 T	1.0000 	0.0124 	0.0081 	0.0114 	0.9681 
 8 T	1.0000 	0.0632 	0.0106 	0.0108 	0.9154 
 9 A	1.0000 	0.9498 	0.0085 	0.0302 	0.0114 
10 G	1.0000 	0.2509 	0.2486 	0.2515 	0.2489 

base height at each position:
	 e	 H	 R	 A	 C	 G	 T
---------------------------------------------------------------
 1 G	0      	2.0000 	0.0000 	0.0000 	0.0000 	0.0000 	0.0000 
 2 A	0      	1.7145 	0.2855 	0.1245 	0.0472 	0.0978 	0.0161 
 3 C	0      	1.7383 	0.2617 	0.0304 	0.1212 	0.0832 	0.0269 
 4 C	0      	1.1505 	0.8495 	0.0186 	0.4931 	0.0052 	0.3326 
 5 A	0      	0.7970 	1.2030 	1.0156 	0.1187 	0.0063 	0.0624 
 6 A	0      	0.6275 	1.3725 	1.2312 	0.0716 	0.0468 	0.0228 
 7 T	0      	0.2539 	1.7461 	0.0216 	0.0142 	0.0200 	1.6903 
 8 T	0      	0.5087 	1.4913 	0.0942 	0.0159 	0.0161 	1.3651 
 9 A	0      	0.3554 	1.6446 	1.5621 	0.0140 	0.0497 	0.0188 
10 G	0      	2.0000 	0.0000 	0.0000 	0.0000 	0.0000 	0.0000 

base sorted height at each position:
 1 G	T:	0.0000 	C:	0.0000 	A:	0.0000 	G:	0.0000 
 2 A	T:	0.0161 	C:	0.0472 	G:	0.0978 	A:	0.1245 
 3 C	T:	0.0269 	A:	0.0304 	G:	0.0832 	C:	0.1212 
 4 C	G:	0.0052 	A:	0.0186 	T:	0.3326 	C:	0.4931 
 5 A	G:	0.0063 	T:	0.0624 	C:	0.1187 	A:	1.0156 
 6 A	T:	0.0228 	G:	0.0468 	C:	0.0716 	A:	1.2312 
 7 T	C:	0.0142 	G:	0.0200 	A:	0.0216 	T:	1.6903 
 8 T	C:	0.0159 	G:	0.0161 	A:	0.0942 	T:	1.3651 
 9 A	C:	0.0140 	T:	0.0188 	G:	0.0497 	A:	1.5621 
10 G	C:	0.0000 	T:	0.0000 	A:	0.0000 	G:	0.0000 
