
original weight matrix:
	 A	 C	 G	 T
---------------------------------------
 1 G	0.2497 	0.2507 	0.2508 	0.2488 
 2 A	0.4414 	0.1637 	0.3387 	0.0563 
 3 C	0.1050 	0.4682 	0.3206 	0.1062 
 4 C	0.0246 	0.5789 	0.0055 	0.3910 
 5 A	0.8390 	0.1067 	0.0053 	0.0490 
 6 A	0.8898 	0.0573 	0.0327 	0.0202 
 7 T	0.0133 	0.0078 	0.0093 	0.9696 
 8 T	0.0622 	0.0113 	0.0091 	0.9174 
 9 A	0.9490 	0.0099 	0.0318 	0.0093 
10 G	0.2478 	0.2492 	0.2533 	0.2497 

base frequency at each position:
	 dsum	 A	 C	 G	 T
-----------------------------------------------
 1 G	1.0000 	0.2497 	0.2507 	0.2508 	0.2488 
 2 A	1.0000 	0.4414 	0.1637 	0.3387 	0.0563 
 3 C	1.0000 	0.1050 	0.4682 	0.3206 	0.1062 
 4 C	1.0000 	0.0246 	0.5789 	0.0055 	0.3910 
 5 A	1.0000 	0.8390 	0.1067 	0.0053 	0.0490 
 6 A	1.0000 	0.8898 	0.0573 	0.0327 	0.0202 
 7 T	1.0000 	0.0133 	0.0078 	0.0093 	0.9696 
 8 T	1.0000 	0.0622 	0.0113 	0.0091 	0.9174 
 9 A	1.0000 	0.9490 	0.0099 	0.0318 	0.0093 
10 G	1.0000 	0.2478 	0.2492 	0.2533 	0.2497 

base height at each position:
	 e	 H	 R	 A	 C	 G	 T
---------------------------------------------------------------
 1 G	0      	2.0000 	0.0000 	0.0000 	0.0000 	0.0000 	0.0000 
 2 A	0      	1.7108 	0.2892 	0.1277 	0.0473 	0.0980 	0.0163 
 3 C	0      	1.7237 	0.2763 	0.0290 	0.1293 	0.0886 	0.0293 
 4 C	0      	1.1589 	0.8411 	0.0207 	0.4869 	0.0046 	0.3289 
 5 A	0      	0.8105 	1.1895 	0.9979 	0.1269 	0.0063 	0.0583 
 6 A	0      	0.6612 	1.3388 	1.1913 	0.0767 	0.0438 	0.0270 
 7 T	0      	0.2434 	1.7566 	0.0233 	0.0137 	0.0164 	1.7032 
 8 T	0      	0.4979 	1.5021 	0.0934 	0.0170 	0.0137 	1.3780 
 9 A	0      	0.3587 	1.6413 	1.5576 	0.0163 	0.0522 	0.0152 
10 G	0      	2.0000 	0.0000 	0.0000 	0.0000 	0.0000 	0.0000 

base sorted height at each position:
 1 G	T:	0.0000 	A:	0.0000 	C:	0.0000 	G:	0.0000 
 2 A	T:	0.0163 	C:	0.0473 	G:	0.0980 	A:	0.1277 
 3 C	A:	0.0290 	T:	0.0293 	G:	0.0886 	C:	0.1293 
 4 C	G:	0.0046 	A:	0.0207 	T:	0.3289 	C:	0.4869 
 5 A	G:	0.0063 	T:	0.0583 	C:	0.1269 	A:	0.9979 
 6 A	T:	0.0270 	G:	0.0438 	C:	0.0767 	A:	1.1913 
 7 T	C:	0.0137 	G:	0.0164 	A:	0.0233 	T:	1.7032 
 8 T	G:	0.0137 	C:	0.0170 	A:	0.0934 	T:	1.3780 
 9 A	T:	0.0152 	C:	0.0163 	G:	0.0522 	A:	1.5576 
10 G	A:	0.0000 	C:	0.0000 	T:	0.0000 	G:	0.0000 
