
original weight matrix:
	 A	 C	 G	 T
---------------------------------------
 1 G	0.2495 	0.2501 	0.2509 	0.2495 
 2 T	0.3077 	0.3135 	0.0402 	0.3386 
 3 C	0.0914 	0.5822 	0.0326 	0.2939 
 4 A	0.9629 	0.0021 	0.0018 	0.0332 
 5 T	0.0030 	0.0299 	0.0007 	0.9663 
 6 T	0.0008 	0.0016 	0.0015 	0.9962 
 7 G	0.0008 	0.0010 	0.9958 	0.0025 
 8 T	0.0010 	0.0021 	0.0581 	0.9388 
 9 C	0.0017 	0.5464 	0.3207 	0.1313 
10 A	0.2512 	0.2509 	0.2471 	0.2508 

base frequency at each position:
	 dsum	 A	 C	 G	 T
-----------------------------------------------
 1 G	1.0000 	0.2495 	0.2501 	0.2509 	0.2495 
 2 T	1.0000 	0.3077 	0.3135 	0.0402 	0.3386 
 3 C	1.0000 	0.0914 	0.5822 	0.0326 	0.2939 
 4 A	1.0000 	0.9629 	0.0021 	0.0018 	0.0332 
 5 T	1.0000 	0.0030 	0.0299 	0.0007 	0.9663 
 6 T	1.0000 	0.0008 	0.0016 	0.0015 	0.9962 
 7 G	1.0000 	0.0008 	0.0010 	0.9958 	0.0025 
 8 T	1.0000 	0.0010 	0.0021 	0.0581 	0.9388 
 9 C	1.0000 	0.0017 	0.5464 	0.3207 	0.1313 
10 A	1.0000 	0.2512 	0.2509 	0.2471 	0.2508 

base height at each position:
	 e	 H	 R	 A	 C	 G	 T
---------------------------------------------------------------
 1 G	0      	2.0000 	0.0000 	0.0000 	0.0000 	0.0000 	0.0000 
 2 T	0      	1.7631 	0.2369 	0.0729 	0.0743 	0.0095 	0.0802 
 3 C	0      	1.4500 	0.5500 	0.0503 	0.3202 	0.0179 	0.1616 
 4 A	0      	0.2508 	1.7492 	1.6843 	0.0037 	0.0031 	0.0581 
 5 T	0      	0.2321 	1.7679 	0.0053 	0.0529 	0.0013 	1.7084 
 6 T	0      	0.0423 	1.9577 	0.0016 	0.0030 	0.0029 	1.9502 
 7 G	0      	0.0449 	1.9551 	0.0015 	0.0019 	1.9469 	0.0048 
 8 T	0      	0.3522 	1.6478 	0.0016 	0.0034 	0.0958 	1.5471 
 9 C	0      	1.4032 	0.5968 	0.0010 	0.3261 	0.1914 	0.0783 
10 A	0      	2.0000 	0.0000 	0.0000 	0.0000 	0.0000 	0.0000 

base sorted height at each position:
 1 G	T:	0.0000 	A:	0.0000 	C:	0.0000 	G:	0.0000 
 2 T	G:	0.0095 	A:	0.0729 	C:	0.0743 	T:	0.0802 
 3 C	G:	0.0179 	A:	0.0503 	T:	0.1616 	C:	0.3202 
 4 A	G:	0.0031 	C:	0.0037 	T:	0.0581 	A:	1.6843 
 5 T	G:	0.0013 	A:	0.0053 	C:	0.0529 	T:	1.7084 
 6 T	A:	0.0016 	G:	0.0029 	C:	0.0030 	T:	1.9502 
 7 G	A:	0.0015 	C:	0.0019 	T:	0.0048 	G:	1.9469 
 8 T	A:	0.0016 	C:	0.0034 	G:	0.0958 	T:	1.5471 
 9 C	A:	0.0010 	T:	0.0783 	G:	0.1914 	C:	0.3261 
10 A	G:	0.0000 	T:	0.0000 	C:	0.0000 	A:	0.0000 
